<?xml version="1.0" encoding="UTF-8"?>
<!-- Generated by org.testng.reporters.JUnitXMLReporter -->
<testsuite ignored="0" hostname="DESKTOP-O8EMRHV" failures="0" tests="10" name="Default test" time="145.115" errors="0" timestamp="2022-03-20T09:51:54 PDT">
  <testcase classname="com.application.testcases.MyTestAssignment" name="createAccount" time="40.879"/>
  <testcase classname="com.application.testcases.MyTestAssignment" name="loginWithValidCredentials" time="8.206"/>
  <testcase classname="com.application.testcases.MyTestAssignment" name="loginWithInValidEmailID" time="7.881"/>
  <testcase classname="com.application.testcases.MyTestAssignment" name="loginWithInValidPassword" time="3.435"/>
  <testcase classname="com.application.testcases.MyTestAssignment" name="loginWithInValidCredentials" time="4.345"/>
  <testcase classname="com.application.testcases.MyTestAssignment" name="loginWithBlankEmailAndValidPassword" time="3.741"/>
  <testcase classname="com.application.testcases.MyTestAssignment" name="loginWithValidEmailWithBlankPassword" time="3.035"/>
  <testcase classname="com.application.testcases.MyTestAssignment" name="loginWithBlankEmailAndPassword" time="3.952"/>
  <testcase classname="com.application.testcases.MyTestAssignment" name="forgotPasswordCheckwWithValidEmail" time="9.475"/>
  <testcase classname="com.application.testcases.MyTestAssignment" name="forgotPasswordCheckWithInvalidEmail" time="4.569"/>
</testsuite> <!-- Default test -->
