<?xml version="1.0" encoding="UTF-8"?>
<!-- Generated by org.testng.reporters.JUnitXMLReporter -->
<testsuite ignored="8" hostname="DESKTOP-O8EMRHV" failures="0" tests="2" name="Test" time="60.25" errors="0" timestamp="2022-03-20T09:32:12 PDT">
  <testcase classname="com.application.testcases.MyTestAssignment" name="createAccount" time="40.809"/>
  <testcase classname="com.application.testcases.MyTestAssignment" name="forgotPasswordCheckWithInvalidEmail" time="5.084"/>
  <testcase classname="com.application.testcases.MyTestAssignment" name="forgotPasswordCheckwWithValidEmail" time="0.0">
    <ignored/>
  </testcase> <!-- forgotPasswordCheckwWithValidEmail -->
  <testcase classname="com.application.testcases.MyTestAssignment" name="loginWithBlankEmailAndPassword" time="0.0">
    <ignored/>
  </testcase> <!-- loginWithBlankEmailAndPassword -->
  <testcase classname="com.application.testcases.MyTestAssignment" name="loginWithInValidCredentials" time="0.0">
    <ignored/>
  </testcase> <!-- loginWithInValidCredentials -->
  <testcase classname="com.application.testcases.MyTestAssignment" name="loginWithInValidPassword" time="0.0">
    <ignored/>
  </testcase> <!-- loginWithInValidPassword -->
  <testcase classname="com.application.testcases.MyTestAssignment" name="loginWithValidEmailWithBlankPassword" time="0.0">
    <ignored/>
  </testcase> <!-- loginWithValidEmailWithBlankPassword -->
  <testcase classname="com.application.testcases.MyTestAssignment" name="loginWithBlankEmailAndValidPassword" time="0.0">
    <ignored/>
  </testcase> <!-- loginWithBlankEmailAndValidPassword -->
  <testcase classname="com.application.testcases.MyTestAssignment" name="loginWithInValidEmailID" time="0.0">
    <ignored/>
  </testcase> <!-- loginWithInValidEmailID -->
  <testcase classname="com.application.testcases.MyTestAssignment" name="loginWithValidCredentials" time="0.0">
    <ignored/>
  </testcase> <!-- loginWithValidCredentials -->
</testsuite> <!-- Test -->
