<?xml version="1.0" encoding="UTF-8"?>
<!-- Generated by org.testng.reporters.JUnitReportReporter -->
<testsuite hostname="DESKTOP-O8EMRHV" failures="0" tests="10" name="com.application.testcases.MyTestAssignment" time="145.037" errors="0" timestamp="2022-03-20T09:51:54 PDT" skipped="0">
  <testcase classname="com.application.testcases.MyTestAssignment" name="createAccount" time="45.850"/>
  <system-out/>
  <testcase classname="com.application.testcases.MyTestAssignment" name="loginWithValidCredentials" time="12.470"/>
  <system-out/>
  <testcase classname="com.application.testcases.MyTestAssignment" name="loginWithInValidEmailID" time="13.439"/>
  <system-out/>
  <testcase classname="com.application.testcases.MyTestAssignment" name="loginWithInValidPassword" time="8.483"/>
  <system-out/>
  <testcase classname="com.application.testcases.MyTestAssignment" name="loginWithInValidCredentials" time="8.871"/>
  <system-out/>
  <testcase classname="com.application.testcases.MyTestAssignment" name="loginWithBlankEmailAndValidPassword" time="14.223"/>
  <system-out/>
  <testcase classname="com.application.testcases.MyTestAssignment" name="loginWithValidEmailWithBlankPassword" time="7.873"/>
  <system-out/>
  <testcase classname="com.application.testcases.MyTestAssignment" name="loginWithBlankEmailAndPassword" time="9.087"/>
  <system-out/>
  <testcase classname="com.application.testcases.MyTestAssignment" name="forgotPasswordCheckwWithValidEmail" time="15.113"/>
  <system-out/>
  <testcase classname="com.application.testcases.MyTestAssignment" name="forgotPasswordCheckWithInvalidEmail" time="9.628"/>
  <system-out/>
</testsuite> <!-- com.application.testcases.MyTestAssignment -->
