<?xml version="1.0" encoding="UTF-8"?>
<!-- Generated by org.testng.reporters.JUnitReportReporter -->
<testsuite skipped="1" hostname="HDC4-L-F27LYDM" name="com.application.testcases.LoginPageValidations" tests="2" failures="0" timestamp="2022-03-18T14:49:30 IST" time="26.307" errors="0">
  <testcase name="invalidLoginFunctionality" time="26.307" classname="com.application.testcases.LoginPageValidations"/>
  <system-out/>
  <testcase name="validLoginFunctionality" classname="com.application.testcases.LoginPageValidations">
    <skipped/>
  </testcase> <!-- validLoginFunctionality -->
  <system-out/>
</testsuite> <!-- com.application.testcases.LoginPageValidations -->
